<?xml version="1.0" encoding="UTF-8"?>
<!-- Generated by org.testng.reporters.JUnitReportReporter -->
<testsuite hostname="xKapu-PC" name="autotesting.suits.MainPogodaTest" tests="1" failures="0" timestamp="15 Feb 2015 11:26:17 GMT" time="58.835" errors="0">
  <testcase name="pogodaPageTest" time="58.835" classname="autotesting.suits.MainPogodaTest"/>
</testsuite> <!-- autotesting.suits.MainPogodaTest -->
